<?xml version="1.0" encoding="UTF-8"?>
<testng-results skipped="0" failed="0" ignored="0" total="1" passed="1">
  <reporter-output>
  </reporter-output>
  <suite name="Default suite" duration-ms="33473" started-at="2021-05-10T12:09:29 PDT" finished-at="2021-05-10T12:10:02 PDT">
    <groups>
    </groups>
    <test name="Default test" duration-ms="33473" started-at="2021-05-10T12:09:29 PDT" finished-at="2021-05-10T12:10:02 PDT">
      <class name="test.Categories">
        <test-method status="PASS" signature="categories_test()[pri:0, instance:test.Categories@79be0360]" name="categories_test" duration-ms="33450" started-at="2021-05-10T12:09:29 PDT" finished-at="2021-05-10T12:10:02 PDT">
          <reporter-output>
          </reporter-output>
        </test-method> <!-- categories_test -->
      </class> <!-- test.Categories -->
    </test> <!-- Default test -->
  </suite> <!-- Default suite -->
</testng-results>
